{"C:\\Users\\duckeN\\Desktop\\BudgetManager\\backend\\auth.js": {"path":"C:\\Users\\duckeN\\Desktop\\BudgetManager\\backend\\auth.js","statementMap":{"0":{"start":{"line":1,"column":12},"end":{"line":1,"column":35}},"1":{"start":{"line":2,"column":0},"end":{"line":2,"column":27}},"2":{"start":{"line":4,"column":20},"end":{"line":10,"column":1}},"3":{"start":{"line":5,"column":4},"end":{"line":9,"column":6}},"4":{"start":{"line":12,"column":26},"end":{"line":21,"column":1}},"5":{"start":{"line":13,"column":18},"end":{"line":13,"column":61}},"6":{"start":{"line":14,"column":4},"end":{"line":14,"column":43}},"7":{"start":{"line":14,"column":16},"end":{"line":14,"column":43}},"8":{"start":{"line":16,"column":4},"end":{"line":20,"column":7}},"9":{"start":{"line":17,"column":8},"end":{"line":17,"column":44}},"10":{"start":{"line":17,"column":17},"end":{"line":17,"column":44}},"11":{"start":{"line":18,"column":8},"end":{"line":18,"column":24}},"12":{"start":{"line":19,"column":8},"end":{"line":19,"column":15}},"13":{"start":{"line":23,"column":0},"end":{"line":23,"column":52}}},"fnMap":{"0":{"name":"(anonymous_0)","decl":{"start":{"line":4,"column":20},"end":{"line":4,"column":21}},"loc":{"start":{"line":4,"column":30},"end":{"line":10,"column":1}},"line":4},"1":{"name":"(anonymous_1)","decl":{"start":{"line":12,"column":26},"end":{"line":12,"column":27}},"loc":{"start":{"line":12,"column":46},"end":{"line":21,"column":1}},"line":12},"2":{"name":"(anonymous_2)","decl":{"start":{"line":16,"column":46},"end":{"line":16,"column":47}},"loc":{"start":{"line":16,"column":61},"end":{"line":20,"column":5}},"line":16}},"branchMap":{"0":{"loc":{"start":{"line":14,"column":4},"end":{"line":14,"column":43}},"type":"if","locations":[{"start":{"line":14,"column":4},"end":{"line":14,"column":43}},{"start":{},"end":{}}],"line":14},"1":{"loc":{"start":{"line":17,"column":8},"end":{"line":17,"column":44}},"type":"if","locations":[{"start":{"line":17,"column":8},"end":{"line":17,"column":44}},{"start":{},"end":{}}],"line":17}},"s":{"0":1,"1":1,"2":1,"3":2,"4":1,"5":7,"6":7,"7":0,"8":7,"9":7,"10":0,"11":7,"12":7,"13":1},"f":{"0":2,"1":7,"2":7},"b":{"0":[0,7],"1":[0,7]},"_coverageSchema":"1a1c01bbd47fc00a2c39e90264f33305004495a9","hash":"ea470227514de0845dae5c11820c465871e3a392"}
,"C:\\Users\\duckeN\\Desktop\\BudgetManager\\backend\\server.js": {"path":"C:\\Users\\duckeN\\Desktop\\BudgetManager\\backend\\server.js","statementMap":{"0":{"start":{"line":1,"column":16},"end":{"line":1,"column":34}},"1":{"start":{"line":2,"column":13},"end":{"line":2,"column":28}},"2":{"start":{"line":3,"column":17},"end":{"line":3,"column":36}},"3":{"start":{"line":4,"column":21},"end":{"line":4,"column":53}},"4":{"start":{"line":5,"column":12},"end":{"line":5,"column":21}},"5":{"start":{"line":6,"column":0},"end":{"line":6,"column":27}},"6":{"start":{"line":8,"column":13},"end":{"line":8,"column":37}},"7":{"start":{"line":11,"column":0},"end":{"line":13,"column":36}},"8":{"start":{"line":12,"column":16},"end":{"line":12,"column":48}},"9":{"start":{"line":13,"column":18},"end":{"line":13,"column":34}},"10":{"start":{"line":16,"column":0},"end":{"line":16,"column":16}},"11":{"start":{"line":17,"column":0},"end":{"line":17,"column":24}},"12":{"start":{"line":20,"column":0},"end":{"line":20,"column":34}},"13":{"start":{"line":22,"column":0},"end":{"line":24,"column":3}},"14":{"start":{"line":23,"column":4},"end":{"line":23,"column":46}},"15":{"start":{"line":26,"column":15},"end":{"line":28,"column":2}},"16":{"start":{"line":27,"column":4},"end":{"line":27,"column":62}},"17":{"start":{"line":30,"column":0},"end":{"line":30,"column":33}}},"fnMap":{"0":{"name":"(anonymous_0)","decl":{"start":{"line":12,"column":10},"end":{"line":12,"column":11}},"loc":{"start":{"line":12,"column":16},"end":{"line":12,"column":48}},"line":12},"1":{"name":"(anonymous_1)","decl":{"start":{"line":13,"column":11},"end":{"line":13,"column":12}},"loc":{"start":{"line":13,"column":18},"end":{"line":13,"column":34}},"line":13},"2":{"name":"(anonymous_2)","decl":{"start":{"line":22,"column":13},"end":{"line":22,"column":14}},"loc":{"start":{"line":22,"column":27},"end":{"line":24,"column":1}},"line":22},"3":{"name":"(anonymous_3)","decl":{"start":{"line":26,"column":32},"end":{"line":26,"column":33}},"loc":{"start":{"line":26,"column":38},"end":{"line":28,"column":1}},"line":26}},"branchMap":{"0":{"loc":{"start":{"line":8,"column":13},"end":{"line":8,"column":37}},"type":"binary-expr","locations":[{"start":{"line":8,"column":13},"end":{"line":8,"column":29}},{"start":{"line":8,"column":33},"end":{"line":8,"column":37}}],"line":8}},"s":{"0":1,"1":1,"2":1,"3":1,"4":1,"5":1,"6":1,"7":1,"8":1,"9":0,"10":1,"11":1,"12":1,"13":1,"14":0,"15":1,"16":1,"17":1},"f":{"0":1,"1":0,"2":0,"3":1},"b":{"0":[1,1]},"_coverageSchema":"1a1c01bbd47fc00a2c39e90264f33305004495a9","hash":"15eea31d45a21f9a934cc4a69ec708934c22c93f"}
,"C:\\Users\\duckeN\\Desktop\\BudgetManager\\backend\\models\\Budget.js": {"path":"C:\\Users\\duckeN\\Desktop\\BudgetManager\\backend\\models\\Budget.js","statementMap":{"0":{"start":{"line":1,"column":17},"end":{"line":1,"column":36}},"1":{"start":{"line":3,"column":21},"end":{"line":8,"column":2}},"2":{"start":{"line":10,"column":0},"end":{"line":10,"column":56}}},"fnMap":{},"branchMap":{},"s":{"0":1,"1":1,"2":1},"f":{},"b":{},"_coverageSchema":"1a1c01bbd47fc00a2c39e90264f33305004495a9","hash":"ee2dd8446b2389635b3597b109f63db99e16a51a"}
,"C:\\Users\\duckeN\\Desktop\\BudgetManager\\backend\\models\\User.js": {"path":"C:\\Users\\duckeN\\Desktop\\BudgetManager\\backend\\models\\User.js","statementMap":{"0":{"start":{"line":1,"column":17},"end":{"line":1,"column":36}},"1":{"start":{"line":3,"column":19},"end":{"line":8,"column":2}},"2":{"start":{"line":10,"column":13},"end":{"line":10,"column":47}},"3":{"start":{"line":12,"column":0},"end":{"line":12,"column":22}}},"fnMap":{},"branchMap":{},"s":{"0":1,"1":1,"2":1,"3":1},"f":{},"b":{},"_coverageSchema":"1a1c01bbd47fc00a2c39e90264f33305004495a9","hash":"a3ed785b74d0a8b3cb254ca74876ee0a595ee676"}
,"C:\\Users\\duckeN\\Desktop\\BudgetManager\\backend\\routes\\budgetRoutes.js": {"path":"C:\\Users\\duckeN\\Desktop\\BudgetManager\\backend\\routes\\budgetRoutes.js","statementMap":{"0":{"start":{"line":2,"column":16},"end":{"line":2,"column":34}},"1":{"start":{"line":3,"column":15},"end":{"line":3,"column":31}},"2":{"start":{"line":4,"column":15},"end":{"line":4,"column":42}},"3":{"start":{"line":5,"column":13},"end":{"line":5,"column":38}},"4":{"start":{"line":6,"column":15},"end":{"line":6,"column":32}},"5":{"start":{"line":7,"column":43},"end":{"line":7,"column":61}},"6":{"start":{"line":8,"column":27},"end":{"line":8,"column":45}},"7":{"start":{"line":11,"column":0},"end":{"line":23,"column":3}},"8":{"start":{"line":12,"column":42},"end":{"line":12,"column":50}},"9":{"start":{"line":14,"column":4},"end":{"line":22,"column":5}},"10":{"start":{"line":15,"column":31},"end":{"line":15,"column":62}},"11":{"start":{"line":16,"column":24},"end":{"line":16,"column":79}},"12":{"start":{"line":17,"column":8},"end":{"line":17,"column":29}},"13":{"start":{"line":18,"column":22},"end":{"line":18,"column":42}},"14":{"start":{"line":19,"column":8},"end":{"line":19,"column":81}},"15":{"start":{"line":21,"column":8},"end":{"line":21,"column":68}},"16":{"start":{"line":26,"column":0},"end":{"line":41,"column":3}},"17":{"start":{"line":27,"column":35},"end":{"line":27,"column":43}},"18":{"start":{"line":29,"column":4},"end":{"line":40,"column":5}},"19":{"start":{"line":30,"column":21},"end":{"line":30,"column":53}},"20":{"start":{"line":31,"column":8},"end":{"line":31,"column":78}},"21":{"start":{"line":31,"column":19},"end":{"line":31,"column":78}},"22":{"start":{"line":33,"column":24},"end":{"line":33,"column":69}},"23":{"start":{"line":34,"column":8},"end":{"line":34,"column":86}},"24":{"start":{"line":34,"column":22},"end":{"line":34,"column":86}},"25":{"start":{"line":36,"column":22},"end":{"line":36,"column":39}},"26":{"start":{"line":37,"column":8},"end":{"line":37,"column":69}},"27":{"start":{"line":39,"column":8},"end":{"line":39,"column":62}},"28":{"start":{"line":44,"column":0},"end":{"line":52,"column":3}},"29":{"start":{"line":45,"column":19},"end":{"line":45,"column":30}},"30":{"start":{"line":46,"column":4},"end":{"line":51,"column":5}},"31":{"start":{"line":47,"column":24},"end":{"line":47,"column":53}},"32":{"start":{"line":48,"column":8},"end":{"line":48,"column":26}},"33":{"start":{"line":50,"column":8},"end":{"line":50,"column":68}},"34":{"start":{"line":55,"column":0},"end":{"line":75,"column":3}},"35":{"start":{"line":56,"column":35},"end":{"line":56,"column":43}},"36":{"start":{"line":57,"column":19},"end":{"line":57,"column":30}},"37":{"start":{"line":59,"column":22},"end":{"line":64,"column":6}},"38":{"start":{"line":66,"column":4},"end":{"line":74,"column":5}},"39":{"start":{"line":67,"column":8},"end":{"line":67,"column":31}},"40":{"start":{"line":68,"column":8},"end":{"line":68,"column":71}},"41":{"start":{"line":70,"column":8},"end":{"line":72,"column":9}},"42":{"start":{"line":71,"column":12},"end":{"line":71,"column":68}},"43":{"start":{"line":73,"column":8},"end":{"line":73,"column":87}},"44":{"start":{"line":78,"column":0},"end":{"line":87,"column":3}},"45":{"start":{"line":79,"column":4},"end":{"line":86,"column":5}},"46":{"start":{"line":80,"column":21},"end":{"line":80,"column":53}},"47":{"start":{"line":81,"column":8},"end":{"line":81,"column":46}},"48":{"start":{"line":81,"column":19},"end":{"line":81,"column":46}},"49":{"start":{"line":83,"column":8},"end":{"line":83,"column":57}},"50":{"start":{"line":85,"column":8},"end":{"line":85,"column":66}},"51":{"start":{"line":90,"column":0},"end":{"line":132,"column":3}},"52":{"start":{"line":91,"column":22},"end":{"line":91,"column":30}},"53":{"start":{"line":93,"column":4},"end":{"line":131,"column":5}},"54":{"start":{"line":95,"column":21},"end":{"line":95,"column":50}},"55":{"start":{"line":96,"column":8},"end":{"line":96,"column":79}},"56":{"start":{"line":96,"column":19},"end":{"line":96,"column":79}},"57":{"start":{"line":99,"column":29},"end":{"line":99,"column":65}},"58":{"start":{"line":100,"column":31},"end":{"line":100,"column":66}},"59":{"start":{"line":103,"column":8},"end":{"line":103,"column":39}},"60":{"start":{"line":104,"column":8},"end":{"line":104,"column":26}},"61":{"start":{"line":107,"column":27},"end":{"line":107,"column":48}},"62":{"start":{"line":108,"column":28},"end":{"line":114,"column":10}},"63":{"start":{"line":116,"column":28},"end":{"line":121,"column":9}},"64":{"start":{"line":123,"column":8},"end":{"line":128,"column":11}},"65":{"start":{"line":124,"column":12},"end":{"line":126,"column":13}},"66":{"start":{"line":125,"column":16},"end":{"line":125,"column":97}},"67":{"start":{"line":127,"column":12},"end":{"line":127,"column":82}},"68":{"start":{"line":130,"column":8},"end":{"line":130,"column":98}},"69":{"start":{"line":135,"column":0},"end":{"line":154,"column":3}},"70":{"start":{"line":136,"column":22},"end":{"line":136,"column":30}},"71":{"start":{"line":137,"column":4},"end":{"line":139,"column":5}},"72":{"start":{"line":138,"column":8},"end":{"line":138,"column":100}},"73":{"start":{"line":141,"column":4},"end":{"line":153,"column":5}},"74":{"start":{"line":142,"column":21},"end":{"line":142,"column":53}},"75":{"start":{"line":143,"column":8},"end":{"line":145,"column":9}},"76":{"start":{"line":144,"column":12},"end":{"line":144,"column":71}},"77":{"start":{"line":147,"column":8},"end":{"line":147,"column":27}},"78":{"start":{"line":148,"column":8},"end":{"line":148,"column":26}},"79":{"start":{"line":150,"column":8},"end":{"line":150,"column":75}},"80":{"start":{"line":152,"column":8},"end":{"line":152,"column":80}},"81":{"start":{"line":158,"column":0},"end":{"line":169,"column":3}},"82":{"start":{"line":159,"column":4},"end":{"line":168,"column":5}},"83":{"start":{"line":160,"column":19},"end":{"line":160,"column":51}},"84":{"start":{"line":161,"column":6},"end":{"line":163,"column":7}},"85":{"start":{"line":162,"column":8},"end":{"line":162,"column":67}},"86":{"start":{"line":165,"column":6},"end":{"line":165,"column":50}},"87":{"start":{"line":167,"column":6},"end":{"line":167,"column":63}},"88":{"start":{"line":171,"column":0},"end":{"line":171,"column":24}},"89":{"start":{"line":174,"column":0},"end":{"line":189,"column":3}},"90":{"start":{"line":175,"column":4},"end":{"line":188,"column":5}},"91":{"start":{"line":176,"column":30},"end":{"line":180,"column":9}},"92":{"start":{"line":181,"column":8},"end":{"line":183,"column":9}},"93":{"start":{"line":182,"column":12},"end":{"line":182,"column":73}},"94":{"start":{"line":184,"column":8},"end":{"line":184,"column":32}},"95":{"start":{"line":186,"column":8},"end":{"line":186,"column":55}},"96":{"start":{"line":187,"column":8},"end":{"line":187,"column":67}},"97":{"start":{"line":192,"column":0},"end":{"line":203,"column":3}},"98":{"start":{"line":193,"column":4},"end":{"line":202,"column":5}},"99":{"start":{"line":194,"column":30},"end":{"line":194,"column":75}},"100":{"start":{"line":195,"column":8},"end":{"line":197,"column":9}},"101":{"start":{"line":196,"column":12},"end":{"line":196,"column":73}},"102":{"start":{"line":198,"column":8},"end":{"line":198,"column":61}},"103":{"start":{"line":200,"column":8},"end":{"line":200,"column":55}},"104":{"start":{"line":201,"column":8},"end":{"line":201,"column":67}},"105":{"start":{"line":205,"column":0},"end":{"line":205,"column":24}}},"fnMap":{"0":{"name":"(anonymous_0)","decl":{"start":{"line":11,"column":25},"end":{"line":11,"column":26}},"loc":{"start":{"line":11,"column":45},"end":{"line":23,"column":1}},"line":11},"1":{"name":"(anonymous_1)","decl":{"start":{"line":26,"column":22},"end":{"line":26,"column":23}},"loc":{"start":{"line":26,"column":42},"end":{"line":41,"column":1}},"line":26},"2":{"name":"(anonymous_2)","decl":{"start":{"line":44,"column":35},"end":{"line":44,"column":36}},"loc":{"start":{"line":44,"column":55},"end":{"line":52,"column":1}},"line":44},"3":{"name":"(anonymous_3)","decl":{"start":{"line":55,"column":39},"end":{"line":55,"column":40}},"loc":{"start":{"line":55,"column":59},"end":{"line":75,"column":1}},"line":55},"4":{"name":"(anonymous_4)","decl":{"start":{"line":78,"column":46},"end":{"line":78,"column":47}},"loc":{"start":{"line":78,"column":66},"end":{"line":87,"column":1}},"line":78},"5":{"name":"(anonymous_5)","decl":{"start":{"line":90,"column":33},"end":{"line":90,"column":34}},"loc":{"start":{"line":90,"column":53},"end":{"line":132,"column":1}},"line":90},"6":{"name":"(anonymous_6)","decl":{"start":{"line":123,"column":42},"end":{"line":123,"column":43}},"loc":{"start":{"line":123,"column":59},"end":{"line":128,"column":9}},"line":123},"7":{"name":"(anonymous_7)","decl":{"start":{"line":135,"column":44},"end":{"line":135,"column":45}},"loc":{"start":{"line":135,"column":64},"end":{"line":154,"column":1}},"line":135},"8":{"name":"(anonymous_8)","decl":{"start":{"line":158,"column":43},"end":{"line":158,"column":44}},"loc":{"start":{"line":158,"column":63},"end":{"line":169,"column":1}},"line":158},"9":{"name":"(anonymous_9)","decl":{"start":{"line":174,"column":38},"end":{"line":174,"column":39}},"loc":{"start":{"line":174,"column":58},"end":{"line":189,"column":1}},"line":174},"10":{"name":"(anonymous_10)","decl":{"start":{"line":192,"column":41},"end":{"line":192,"column":42}},"loc":{"start":{"line":192,"column":61},"end":{"line":203,"column":1}},"line":192}},"branchMap":{"0":{"loc":{"start":{"line":31,"column":8},"end":{"line":31,"column":78}},"type":"if","locations":[{"start":{"line":31,"column":8},"end":{"line":31,"column":78}},{"start":{},"end":{}}],"line":31},"1":{"loc":{"start":{"line":34,"column":8},"end":{"line":34,"column":86}},"type":"if","locations":[{"start":{"line":34,"column":8},"end":{"line":34,"column":86}},{"start":{},"end":{}}],"line":34},"2":{"loc":{"start":{"line":70,"column":8},"end":{"line":72,"column":9}},"type":"if","locations":[{"start":{"line":70,"column":8},"end":{"line":72,"column":9}},{"start":{},"end":{}}],"line":70},"3":{"loc":{"start":{"line":81,"column":8},"end":{"line":81,"column":46}},"type":"if","locations":[{"start":{"line":81,"column":8},"end":{"line":81,"column":46}},{"start":{},"end":{}}],"line":81},"4":{"loc":{"start":{"line":96,"column":8},"end":{"line":96,"column":79}},"type":"if","locations":[{"start":{"line":96,"column":8},"end":{"line":96,"column":79}},{"start":{},"end":{}}],"line":96},"5":{"loc":{"start":{"line":124,"column":12},"end":{"line":126,"column":13}},"type":"if","locations":[{"start":{"line":124,"column":12},"end":{"line":126,"column":13}},{"start":{},"end":{}}],"line":124},"6":{"loc":{"start":{"line":137,"column":4},"end":{"line":139,"column":5}},"type":"if","locations":[{"start":{"line":137,"column":4},"end":{"line":139,"column":5}},{"start":{},"end":{}}],"line":137},"7":{"loc":{"start":{"line":137,"column":8},"end":{"line":137,"column":44}},"type":"binary-expr","locations":[{"start":{"line":137,"column":8},"end":{"line":137,"column":14}},{"start":{"line":137,"column":18},"end":{"line":137,"column":30}},{"start":{"line":137,"column":34},"end":{"line":137,"column":44}}],"line":137},"8":{"loc":{"start":{"line":143,"column":8},"end":{"line":145,"column":9}},"type":"if","locations":[{"start":{"line":143,"column":8},"end":{"line":145,"column":9}},{"start":{},"end":{}}],"line":143},"9":{"loc":{"start":{"line":161,"column":6},"end":{"line":163,"column":7}},"type":"if","locations":[{"start":{"line":161,"column":6},"end":{"line":163,"column":7}},{"start":{},"end":{}}],"line":161},"10":{"loc":{"start":{"line":181,"column":8},"end":{"line":183,"column":9}},"type":"if","locations":[{"start":{"line":181,"column":8},"end":{"line":183,"column":9}},{"start":{},"end":{}}],"line":181},"11":{"loc":{"start":{"line":195,"column":8},"end":{"line":197,"column":9}},"type":"if","locations":[{"start":{"line":195,"column":8},"end":{"line":197,"column":9}},{"start":{},"end":{}}],"line":195}},"s":{"0":1,"1":1,"2":1,"3":1,"4":1,"5":1,"6":1,"7":1,"8":1,"9":1,"10":1,"11":1,"12":1,"13":1,"14":1,"15":0,"16":1,"17":1,"18":1,"19":1,"20":1,"21":0,"22":1,"23":1,"24":0,"25":1,"26":1,"27":0,"28":1,"29":1,"30":1,"31":1,"32":1,"33":0,"34":1,"35":1,"36":1,"37":1,"38":1,"39":1,"40":1,"41":0,"42":0,"43":0,"44":1,"45":1,"46":1,"47":1,"48":0,"49":1,"50":0,"51":1,"52":1,"53":1,"54":1,"55":1,"56":0,"57":1,"58":1,"59":1,"60":1,"61":1,"62":1,"63":1,"64":1,"65":1,"66":0,"67":1,"68":0,"69":1,"70":1,"71":1,"72":0,"73":1,"74":1,"75":1,"76":0,"77":1,"78":1,"79":1,"80":0,"81":1,"82":1,"83":1,"84":1,"85":0,"86":1,"87":0,"88":1,"89":1,"90":1,"91":1,"92":1,"93":0,"94":1,"95":0,"96":0,"97":1,"98":1,"99":1,"100":1,"101":0,"102":1,"103":0,"104":0,"105":1},"f":{"0":1,"1":1,"2":1,"3":1,"4":1,"5":1,"6":1,"7":1,"8":1,"9":1,"10":1},"b":{"0":[0,1],"1":[0,1],"2":[0,0],"3":[0,1],"4":[0,1],"5":[0,1],"6":[0,1],"7":[1,1,1],"8":[0,1],"9":[0,1],"10":[0,1],"11":[0,1]},"_coverageSchema":"1a1c01bbd47fc00a2c39e90264f33305004495a9","hash":"fdbc52173c03e26a58a42aa0a0ef552971d556bb"}
}
