TN:
SF:auth.js
FN:4,(anonymous_0)
FN:12,(anonymous_1)
FN:16,(anonymous_2)
FNF:3
FNH:3
FNDA:2,(anonymous_0)
FNDA:7,(anonymous_1)
FNDA:7,(anonymous_2)
DA:1,1
DA:2,1
DA:4,1
DA:5,2
DA:12,1
DA:13,7
DA:14,7
DA:16,7
DA:17,7
DA:18,7
DA:19,7
DA:23,1
LF:12
LH:12
BRDA:14,0,0,0
BRDA:14,0,1,7
BRDA:17,1,0,0
BRDA:17,1,1,7
BRF:4
BRH:2
end_of_record
TN:
SF:server.js
FN:12,(anonymous_0)
FN:13,(anonymous_1)
FN:22,(anonymous_2)
FN:26,(anonymous_3)
FNF:4
FNH:2
FNDA:1,(anonymous_0)
FNDA:0,(anonymous_1)
FNDA:0,(anonymous_2)
FNDA:1,(anonymous_3)
DA:1,1
DA:2,1
DA:3,1
DA:4,1
DA:5,1
DA:7,1
DA:8,1
DA:11,1
DA:12,1
DA:13,0
DA:16,1
DA:17,1
DA:20,1
DA:22,1
DA:23,0
DA:26,1
DA:27,1
DA:30,1
LF:18
LH:16
BRDA:8,0,0,1
BRDA:8,0,1,1
BRF:2
BRH:2
end_of_record
TN:
SF:models\Budget.js
FNF:0
FNH:0
DA:1,1
DA:3,1
DA:10,1
LF:3
LH:3
BRF:0
BRH:0
end_of_record
TN:
SF:models\User.js
FNF:0
FNH:0
DA:1,1
DA:3,1
DA:10,1
DA:12,1
LF:4
LH:4
BRF:0
BRH:0
end_of_record
TN:
SF:routes\budgetRoutes.js
FN:11,(anonymous_0)
FN:26,(anonymous_1)
FN:44,(anonymous_2)
FN:55,(anonymous_3)
FN:78,(anonymous_4)
FN:90,(anonymous_5)
FN:123,(anonymous_6)
FN:135,(anonymous_7)
FN:158,(anonymous_8)
FN:174,(anonymous_9)
FN:192,(anonymous_10)
FNF:11
FNH:11
FNDA:1,(anonymous_0)
FNDA:1,(anonymous_1)
FNDA:1,(anonymous_2)
FNDA:1,(anonymous_3)
FNDA:1,(anonymous_4)
FNDA:1,(anonymous_5)
FNDA:1,(anonymous_6)
FNDA:1,(anonymous_7)
FNDA:1,(anonymous_8)
FNDA:1,(anonymous_9)
FNDA:1,(anonymous_10)
DA:2,1
DA:3,1
DA:4,1
DA:5,1
DA:6,1
DA:7,1
DA:8,1
DA:11,1
DA:12,1
DA:14,1
DA:15,1
DA:16,1
DA:17,1
DA:18,1
DA:19,1
DA:21,0
DA:26,1
DA:27,1
DA:29,1
DA:30,1
DA:31,1
DA:33,1
DA:34,1
DA:36,1
DA:37,1
DA:39,0
DA:44,1
DA:45,1
DA:46,1
DA:47,1
DA:48,1
DA:50,0
DA:55,1
DA:56,1
DA:57,1
DA:59,1
DA:66,1
DA:67,1
DA:68,1
DA:70,0
DA:71,0
DA:73,0
DA:78,1
DA:79,1
DA:80,1
DA:81,1
DA:83,1
DA:85,0
DA:90,1
DA:91,1
DA:93,1
DA:95,1
DA:96,1
DA:99,1
DA:100,1
DA:103,1
DA:104,1
DA:107,1
DA:108,1
DA:116,1
DA:123,1
DA:124,1
DA:125,0
DA:127,1
DA:130,0
DA:135,1
DA:136,1
DA:137,1
DA:138,0
DA:141,1
DA:142,1
DA:143,1
DA:144,0
DA:147,1
DA:148,1
DA:150,1
DA:152,0
DA:158,1
DA:159,1
DA:160,1
DA:161,1
DA:162,0
DA:165,1
DA:167,0
DA:171,1
DA:174,1
DA:175,1
DA:176,1
DA:181,1
DA:182,0
DA:184,1
DA:186,0
DA:187,0
DA:192,1
DA:193,1
DA:194,1
DA:195,1
DA:196,0
DA:198,1
DA:200,0
DA:201,0
DA:205,1
LF:102
LH:82
BRDA:31,0,0,0
BRDA:31,0,1,1
BRDA:34,1,0,0
BRDA:34,1,1,1
BRDA:70,2,0,0
BRDA:70,2,1,0
BRDA:81,3,0,0
BRDA:81,3,1,1
BRDA:96,4,0,0
BRDA:96,4,1,1
BRDA:124,5,0,0
BRDA:124,5,1,1
BRDA:137,6,0,0
BRDA:137,6,1,1
BRDA:137,7,0,1
BRDA:137,7,1,1
BRDA:137,7,2,1
BRDA:143,8,0,0
BRDA:143,8,1,1
BRDA:161,9,0,0
BRDA:161,9,1,1
BRDA:181,10,0,0
BRDA:181,10,1,1
BRDA:195,11,0,0
BRDA:195,11,1,1
BRF:25
BRH:13
end_of_record
